<?xml version="1.0" encoding="UTF-8"?>
<!-- Generated by org.testng.reporters.JUnitXMLReporter -->
<testsuite hostname="venkat" ignored="0" name="MyPageTest" tests="5" failures="2" timestamp="2020-11-07T11:00:46 IST" time="54.366" errors="0">
  <testcase name="googleHomePageTest" time="0.551" classname="LinkedInTestPages.MyPageTest"/>
  <testcase name="linkedInSignPageTest" time="12.043" classname="LinkedInTestPages.MyPageTest"/>
  <testcase name="userHomePageTest" time="9.044" classname="LinkedInTestPages.MyPageTest"/>
  <testcase name="userHomePageDown" time="20.979" classname="LinkedInTestPages.MyPageTest">
    <failure type="java.lang.AssertionError" message="Intesnsionally I faail this test case  did not expect to find [true] but found [false]">
      <![CDATA[java.lang.AssertionError: Intesnsionally I faail this test case  did not expect to find [true] but found [false]
at LinkedInTestPages.MyPageTest.userHomePageDown(MyPageTest.java:88)
at java.util.ArrayList.forEach(ArrayList.java:1257)
... Removed 30 stack frames]]>
    </failure>
  </testcase> <!-- userHomePageDown -->
  <testcase name="userLinkedInDetailsTest" time="1.867" classname="LinkedInTestPages.MyPageTest">
    <failure type="java.lang.AssertionError" message="I deliberately failed the test Case  did not expect to find [true] but found [false]">
      <![CDATA[java.lang.AssertionError: I deliberately failed the test Case  did not expect to find [true] but found [false]
at LinkedInTestPages.MyPageTest.userLinkedInDetailsTest(MyPageTest.java:104)
at java.util.ArrayList.forEach(ArrayList.java:1257)
... Removed 30 stack frames]]>
    </failure>
  </testcase> <!-- userLinkedInDetailsTest -->
</testsuite> <!-- MyPageTest -->
